2018-12-15 11:10:43.822 - INFO  [           main] o.s.b.StartupInfoLogger        : Starting SmartmeetingroomApplication on zeng-PC with PID 17793 (/home/zeng/IdeaProjects/smartmeetingroom/target/classes started by zeng in /home/zeng/IdeaProjects/smartmeetingroom)
2018-12-15 11:10:43.901 - INFO  [           main] o.s.b.SpringApplication        : No active profile set, falling back to default profiles: default
2018-12-15 11:10:45.188 - INFO  [           main] egate$BeanPostProcessorChecker : Bean 'serioConfig' of type [cn.hephaestus.smartmeetingroom.configuration.SerioConfig$$EnhancerBySpringCGLIB$$43cea9a7] is not eligible for getting processed by all BeanPostProcessors (for example: not eligible for auto-proxying)
2018-12-15 11:10:45.197 - INFO  [           main] egate$BeanPostProcessorChecker : Bean 'org.springframework.transaction.annotation.ProxyTransactionManagementConfiguration' of type [org.springframework.transaction.annotation.ProxyTransactionManagementConfiguration$$EnhancerBySpringCGLIB$$36204fa0] is not eligible for getting processed by all BeanPostProcessors (for example: not eligible for auto-proxying)
2018-12-15 11:10:45.381 - INFO  [           main] egate$BeanPostProcessorChecker : Bean 'hashedCredentialsMatcher' of type [org.apache.shiro.authc.credential.HashedCredentialsMatcher] is not eligible for getting processed by all BeanPostProcessors (for example: not eligible for auto-proxying)
2018-12-15 11:10:45.412 - INFO  [           main] egate$BeanPostProcessorChecker : Bean 'mybatis-org.mybatis.spring.boot.autoconfigure.MybatisProperties' of type [org.mybatis.spring.boot.autoconfigure.MybatisProperties] is not eligible for getting processed by all BeanPostProcessors (for example: not eligible for auto-proxying)
2018-12-15 11:10:45.422 - INFO  [           main] egate$BeanPostProcessorChecker : Bean 'org.mybatis.spring.boot.autoconfigure.MybatisAutoConfiguration' of type [org.mybatis.spring.boot.autoconfigure.MybatisAutoConfiguration$$EnhancerBySpringCGLIB$$68f4a0d0] is not eligible for getting processed by all BeanPostProcessors (for example: not eligible for auto-proxying)
2018-12-15 11:10:45.425 - INFO  [           main] egate$BeanPostProcessorChecker : Bean 'org.springframework.boot.autoconfigure.jdbc.DataSourceConfiguration$Hikari' of type [org.springframework.boot.autoconfigure.jdbc.DataSourceConfiguration$Hikari] is not eligible for getting processed by all BeanPostProcessors (for example: not eligible for auto-proxying)
2018-12-15 11:10:45.439 - INFO  [           main] egate$BeanPostProcessorChecker : Bean 'spring.datasource-org.springframework.boot.autoconfigure.jdbc.DataSourceProperties' of type [org.springframework.boot.autoconfigure.jdbc.DataSourceProperties] is not eligible for getting processed by all BeanPostProcessors (for example: not eligible for auto-proxying)
2018-12-15 11:10:45.458 - INFO  [           main] egate$BeanPostProcessorChecker : Bean 'dataSource' of type [com.zaxxer.hikari.HikariDataSource] is not eligible for getting processed by all BeanPostProcessors (for example: not eligible for auto-proxying)
2018-12-15 11:10:45.467 - INFO  [           main] egate$BeanPostProcessorChecker : Bean 'org.springframework.boot.autoconfigure.jdbc.DataSourceInitializerInvoker' of type [org.springframework.boot.autoconfigure.jdbc.DataSourceInitializerInvoker] is not eligible for getting processed by all BeanPostProcessors (for example: not eligible for auto-proxying)
2018-12-15 11:10:45.513 - INFO  [           main] egate$BeanPostProcessorChecker : Bean 'sqlSessionFactory' of type [org.apache.ibatis.session.defaults.DefaultSqlSessionFactory] is not eligible for getting processed by all BeanPostProcessors (for example: not eligible for auto-proxying)
2018-12-15 11:10:45.520 - INFO  [           main] egate$BeanPostProcessorChecker : Bean 'sqlSessionTemplate' of type [org.mybatis.spring.SqlSessionTemplate] is not eligible for getting processed by all BeanPostProcessors (for example: not eligible for auto-proxying)
2018-12-15 11:10:45.538 - INFO  [           main] egate$BeanPostProcessorChecker : Bean 'userMapper' of type [org.mybatis.spring.mapper.MapperFactoryBean] is not eligible for getting processed by all BeanPostProcessors (for example: not eligible for auto-proxying)
2018-12-15 11:10:45.540 - INFO  [           main] egate$BeanPostProcessorChecker : Bean 'userMapper' of type [com.sun.proxy.$Proxy75] is not eligible for getting processed by all BeanPostProcessors (for example: not eligible for auto-proxying)
2018-12-15 11:10:45.548 - INFO  [           main] egate$BeanPostProcessorChecker : Bean 'userInfoMapper' of type [org.mybatis.spring.mapper.MapperFactoryBean] is not eligible for getting processed by all BeanPostProcessors (for example: not eligible for auto-proxying)
2018-12-15 11:10:45.549 - INFO  [           main] egate$BeanPostProcessorChecker : Bean 'userInfoMapper' of type [com.sun.proxy.$Proxy79] is not eligible for getting processed by all BeanPostProcessors (for example: not eligible for auto-proxying)
2018-12-15 11:10:45.554 - INFO  [           main] egate$BeanPostProcessorChecker : Bean 'organizationMapper' of type [org.mybatis.spring.mapper.MapperFactoryBean] is not eligible for getting processed by all BeanPostProcessors (for example: not eligible for auto-proxying)
2018-12-15 11:10:45.555 - INFO  [           main] egate$BeanPostProcessorChecker : Bean 'organizationMapper' of type [com.sun.proxy.$Proxy80] is not eligible for getting processed by all BeanPostProcessors (for example: not eligible for auto-proxying)
2018-12-15 11:10:45.556 - INFO  [           main] egate$BeanPostProcessorChecker : Bean 'organizationServiceImpl' of type [cn.hephaestus.smartmeetingroom.service.ServiceImpl.OrganizationServiceImpl] is not eligible for getting processed by all BeanPostProcessors (for example: not eligible for auto-proxying)
2018-12-15 11:10:45.556 - INFO  [           main] egate$BeanPostProcessorChecker : Bean 'userServiceImpl' of type [cn.hephaestus.smartmeetingroom.service.ServiceImpl.UserServiceImpl] is not eligible for getting processed by all BeanPostProcessors (for example: not eligible for auto-proxying)
2018-12-15 11:10:45.557 - INFO  [           main] egate$BeanPostProcessorChecker : Bean 'ShiroRealm' of type [cn.hephaestus.smartmeetingroom.shiro.ShiroRealm] is not eligible for getting processed by all BeanPostProcessors (for example: not eligible for auto-proxying)
2018-12-15 11:10:45.563 - INFO  [           main] egate$BeanPostProcessorChecker : Bean 'securityManager' of type [org.apache.shiro.web.mgt.DefaultWebSecurityManager] is not eligible for getting processed by all BeanPostProcessors (for example: not eligible for auto-proxying)
2018-12-15 11:10:45.885 - INFO  [           main] o.s.b.w.e.t.TomcatWebServer    : Tomcat initialized with port(s): 8080 (http)
2018-12-15 11:10:45.978 - INFO  [           main] letWebServerApplicationContext : Root WebApplicationContext: initialization completed in 1989 ms
2018-12-15 11:10:46.006 - INFO  [           main] .b.w.s.ServletRegistrationBean : Servlet dispatcherServlet mapped to [/]
2018-12-15 11:10:46.010 - INFO  [           main] AbstractFilterRegistrationBean : Mapping filter: 'characterEncodingFilter' to: [/*]
2018-12-15 11:10:46.010 - INFO  [           main] AbstractFilterRegistrationBean : Mapping filter: 'hiddenHttpMethodFilter' to: [/*]
2018-12-15 11:10:46.010 - INFO  [           main] AbstractFilterRegistrationBean : Mapping filter: 'formContentFilter' to: [/*]
2018-12-15 11:10:46.011 - INFO  [           main] AbstractFilterRegistrationBean : Mapping filter: 'requestContextFilter' to: [/*]
2018-12-15 11:10:46.011 - INFO  [           main] AbstractFilterRegistrationBean : Mapping filter: 'shirFilter' to: [/*]
2018-12-15 11:10:46.384 - INFO  [           main] c.ExecutorConfigurationSupport : Initializing ExecutorService 'applicationTaskExecutor'
2018-12-15 11:10:46.683 - INFO  [           main] o.s.b.w.e.t.TomcatWebServer    : Tomcat started on port(s): 8080 (http) with context path ''
2018-12-15 11:10:46.685 - INFO  [           main] o.s.b.StartupInfoLogger        : Started SmartmeetingroomApplication in 3.699 seconds (JVM running for 4.935)
2018-12-15 11:12:27.067 - INFO  [nio-8080-exec-1] o.s.w.s.FrameworkServlet       : Initializing Servlet 'dispatcherServlet'
2018-12-15 11:12:27.073 - INFO  [nio-8080-exec-1] o.s.w.s.FrameworkServlet       : Completed initialization in 6 ms
2018-12-15 11:12:27.791 - INFO  [nio-8080-exec-1] i.l.c.EpollProvider            : Starting without optional epoll library
2018-12-15 11:12:27.792 - INFO  [nio-8080-exec-1] i.l.c.KqueueProvider           : Starting without optional kqueue library
2018-12-15 11:13:17.405 - INFO  [      Thread-10] c.ExecutorConfigurationSupport : Shutting down ExecutorService 'applicationTaskExecutor'
2018-12-15 11:13:47.993 - INFO  [           main] o.s.b.StartupInfoLogger        : Starting SmartmeetingroomApplication on zeng-PC with PID 18314 (/home/zeng/IdeaProjects/smartmeetingroom/target/classes started by zeng in /home/zeng/IdeaProjects/smartmeetingroom)
2018-12-15 11:13:48.001 - INFO  [           main] o.s.b.SpringApplication        : No active profile set, falling back to default profiles: default
2018-12-15 11:13:49.292 - INFO  [           main] egate$BeanPostProcessorChecker : Bean 'serioConfig' of type [cn.hephaestus.smartmeetingroom.configuration.SerioConfig$$EnhancerBySpringCGLIB$$cd0d02db] is not eligible for getting processed by all BeanPostProcessors (for example: not eligible for auto-proxying)
2018-12-15 11:13:49.301 - INFO  [           main] egate$BeanPostProcessorChecker : Bean 'org.springframework.transaction.annotation.ProxyTransactionManagementConfiguration' of type [org.springframework.transaction.annotation.ProxyTransactionManagementConfiguration$$EnhancerBySpringCGLIB$$bf5ea8d4] is not eligible for getting processed by all BeanPostProcessors (for example: not eligible for auto-proxying)
2018-12-15 11:13:49.462 - INFO  [           main] egate$BeanPostProcessorChecker : Bean 'hashedCredentialsMatcher' of type [org.apache.shiro.authc.credential.HashedCredentialsMatcher] is not eligible for getting processed by all BeanPostProcessors (for example: not eligible for auto-proxying)
2018-12-15 11:13:49.487 - INFO  [           main] egate$BeanPostProcessorChecker : Bean 'mybatis-org.mybatis.spring.boot.autoconfigure.MybatisProperties' of type [org.mybatis.spring.boot.autoconfigure.MybatisProperties] is not eligible for getting processed by all BeanPostProcessors (for example: not eligible for auto-proxying)
2018-12-15 11:13:49.496 - INFO  [           main] egate$BeanPostProcessorChecker : Bean 'org.mybatis.spring.boot.autoconfigure.MybatisAutoConfiguration' of type [org.mybatis.spring.boot.autoconfigure.MybatisAutoConfiguration$$EnhancerBySpringCGLIB$$f232fa04] is not eligible for getting processed by all BeanPostProcessors (for example: not eligible for auto-proxying)
2018-12-15 11:13:49.499 - INFO  [           main] egate$BeanPostProcessorChecker : Bean 'org.springframework.boot.autoconfigure.jdbc.DataSourceConfiguration$Hikari' of type [org.springframework.boot.autoconfigure.jdbc.DataSourceConfiguration$Hikari] is not eligible for getting processed by all BeanPostProcessors (for example: not eligible for auto-proxying)
2018-12-15 11:13:49.546 - INFO  [           main] egate$BeanPostProcessorChecker : Bean 'spring.datasource-org.springframework.boot.autoconfigure.jdbc.DataSourceProperties' of type [org.springframework.boot.autoconfigure.jdbc.DataSourceProperties] is not eligible for getting processed by all BeanPostProcessors (for example: not eligible for auto-proxying)
2018-12-15 11:13:49.562 - INFO  [           main] egate$BeanPostProcessorChecker : Bean 'dataSource' of type [com.zaxxer.hikari.HikariDataSource] is not eligible for getting processed by all BeanPostProcessors (for example: not eligible for auto-proxying)
2018-12-15 11:13:49.569 - INFO  [           main] egate$BeanPostProcessorChecker : Bean 'org.springframework.boot.autoconfigure.jdbc.DataSourceInitializerInvoker' of type [org.springframework.boot.autoconfigure.jdbc.DataSourceInitializerInvoker] is not eligible for getting processed by all BeanPostProcessors (for example: not eligible for auto-proxying)
2018-12-15 11:13:49.598 - INFO  [           main] egate$BeanPostProcessorChecker : Bean 'sqlSessionFactory' of type [org.apache.ibatis.session.defaults.DefaultSqlSessionFactory] is not eligible for getting processed by all BeanPostProcessors (for example: not eligible for auto-proxying)
2018-12-15 11:13:49.603 - INFO  [           main] egate$BeanPostProcessorChecker : Bean 'sqlSessionTemplate' of type [org.mybatis.spring.SqlSessionTemplate] is not eligible for getting processed by all BeanPostProcessors (for example: not eligible for auto-proxying)
2018-12-15 11:13:49.624 - INFO  [           main] egate$BeanPostProcessorChecker : Bean 'userMapper' of type [org.mybatis.spring.mapper.MapperFactoryBean] is not eligible for getting processed by all BeanPostProcessors (for example: not eligible for auto-proxying)
2018-12-15 11:13:49.626 - INFO  [           main] egate$BeanPostProcessorChecker : Bean 'userMapper' of type [com.sun.proxy.$Proxy75] is not eligible for getting processed by all BeanPostProcessors (for example: not eligible for auto-proxying)
2018-12-15 11:13:49.634 - INFO  [           main] egate$BeanPostProcessorChecker : Bean 'userInfoMapper' of type [org.mybatis.spring.mapper.MapperFactoryBean] is not eligible for getting processed by all BeanPostProcessors (for example: not eligible for auto-proxying)
2018-12-15 11:13:49.635 - INFO  [           main] egate$BeanPostProcessorChecker : Bean 'userInfoMapper' of type [com.sun.proxy.$Proxy79] is not eligible for getting processed by all BeanPostProcessors (for example: not eligible for auto-proxying)
2018-12-15 11:13:49.640 - INFO  [           main] egate$BeanPostProcessorChecker : Bean 'organizationMapper' of type [org.mybatis.spring.mapper.MapperFactoryBean] is not eligible for getting processed by all BeanPostProcessors (for example: not eligible for auto-proxying)
2018-12-15 11:13:49.641 - INFO  [           main] egate$BeanPostProcessorChecker : Bean 'organizationMapper' of type [com.sun.proxy.$Proxy80] is not eligible for getting processed by all BeanPostProcessors (for example: not eligible for auto-proxying)
2018-12-15 11:13:49.642 - INFO  [           main] egate$BeanPostProcessorChecker : Bean 'organizationServiceImpl' of type [cn.hephaestus.smartmeetingroom.service.ServiceImpl.OrganizationServiceImpl] is not eligible for getting processed by all BeanPostProcessors (for example: not eligible for auto-proxying)
2018-12-15 11:13:49.643 - INFO  [           main] egate$BeanPostProcessorChecker : Bean 'userServiceImpl' of type [cn.hephaestus.smartmeetingroom.service.ServiceImpl.UserServiceImpl] is not eligible for getting processed by all BeanPostProcessors (for example: not eligible for auto-proxying)
2018-12-15 11:13:49.643 - INFO  [           main] egate$BeanPostProcessorChecker : Bean 'ShiroRealm' of type [cn.hephaestus.smartmeetingroom.shiro.ShiroRealm] is not eligible for getting processed by all BeanPostProcessors (for example: not eligible for auto-proxying)
2018-12-15 11:13:49.648 - INFO  [           main] egate$BeanPostProcessorChecker : Bean 'securityManager' of type [org.apache.shiro.web.mgt.DefaultWebSecurityManager] is not eligible for getting processed by all BeanPostProcessors (for example: not eligible for auto-proxying)
2018-12-15 11:13:49.949 - INFO  [           main] o.s.b.w.e.t.TomcatWebServer    : Tomcat initialized with port(s): 8080 (http)
2018-12-15 11:13:50.035 - INFO  [           main] letWebServerApplicationContext : Root WebApplicationContext: initialization completed in 1926 ms
2018-12-15 11:13:50.069 - INFO  [           main] .b.w.s.ServletRegistrationBean : Servlet dispatcherServlet mapped to [/]
2018-12-15 11:13:50.072 - INFO  [           main] AbstractFilterRegistrationBean : Mapping filter: 'characterEncodingFilter' to: [/*]
2018-12-15 11:13:50.073 - INFO  [           main] AbstractFilterRegistrationBean : Mapping filter: 'hiddenHttpMethodFilter' to: [/*]
2018-12-15 11:13:50.073 - INFO  [           main] AbstractFilterRegistrationBean : Mapping filter: 'formContentFilter' to: [/*]
2018-12-15 11:13:50.073 - INFO  [           main] AbstractFilterRegistrationBean : Mapping filter: 'requestContextFilter' to: [/*]
2018-12-15 11:13:50.073 - INFO  [           main] AbstractFilterRegistrationBean : Mapping filter: 'shirFilter' to: [/*]
2018-12-15 11:13:50.407 - INFO  [           main] c.ExecutorConfigurationSupport : Initializing ExecutorService 'applicationTaskExecutor'
2018-12-15 11:13:50.712 - INFO  [           main] o.s.b.w.e.t.TomcatWebServer    : Tomcat started on port(s): 8080 (http) with context path ''
2018-12-15 11:13:50.715 - INFO  [           main] o.s.b.StartupInfoLogger        : Started SmartmeetingroomApplication in 3.397 seconds (JVM running for 4.458)
2018-12-15 11:13:57.065 - INFO  [nio-8080-exec-1] o.s.w.s.FrameworkServlet       : Initializing Servlet 'dispatcherServlet'
2018-12-15 11:13:57.070 - INFO  [nio-8080-exec-1] o.s.w.s.FrameworkServlet       : Completed initialization in 5 ms
2018-12-15 11:13:57.631 - INFO  [nio-8080-exec-1] i.l.c.EpollProvider            : Starting without optional epoll library
2018-12-15 11:13:57.632 - INFO  [nio-8080-exec-1] i.l.c.KqueueProvider           : Starting without optional kqueue library
2018-12-15 11:14:34.000 - INFO  [      Thread-11] c.ExecutorConfigurationSupport : Shutting down ExecutorService 'applicationTaskExecutor'
2018-12-15 11:14:53.397 - INFO  [           main] o.s.b.StartupInfoLogger        : Starting SmartmeetingroomApplication on zeng-PC with PID 18573 (/home/zeng/IdeaProjects/smartmeetingroom/target/classes started by zeng in /home/zeng/IdeaProjects/smartmeetingroom)
2018-12-15 11:14:53.404 - INFO  [           main] o.s.b.SpringApplication        : No active profile set, falling back to default profiles: default
2018-12-15 11:14:54.301 - INFO  [           main] egate$BeanPostProcessorChecker : Bean 'serioConfig' of type [cn.hephaestus.smartmeetingroom.configuration.SerioConfig$$EnhancerBySpringCGLIB$$1a903f4] is not eligible for getting processed by all BeanPostProcessors (for example: not eligible for auto-proxying)
2018-12-15 11:14:54.311 - INFO  [           main] egate$BeanPostProcessorChecker : Bean 'org.springframework.transaction.annotation.ProxyTransactionManagementConfiguration' of type [org.springframework.transaction.annotation.ProxyTransactionManagementConfiguration$$EnhancerBySpringCGLIB$$f3faa9ed] is not eligible for getting processed by all BeanPostProcessors (for example: not eligible for auto-proxying)
2018-12-15 11:14:54.517 - INFO  [           main] egate$BeanPostProcessorChecker : Bean 'hashedCredentialsMatcher' of type [org.apache.shiro.authc.credential.HashedCredentialsMatcher] is not eligible for getting processed by all BeanPostProcessors (for example: not eligible for auto-proxying)
2018-12-15 11:14:54.542 - INFO  [           main] egate$BeanPostProcessorChecker : Bean 'mybatis-org.mybatis.spring.boot.autoconfigure.MybatisProperties' of type [org.mybatis.spring.boot.autoconfigure.MybatisProperties] is not eligible for getting processed by all BeanPostProcessors (for example: not eligible for auto-proxying)
2018-12-15 11:14:54.549 - INFO  [           main] egate$BeanPostProcessorChecker : Bean 'org.mybatis.spring.boot.autoconfigure.MybatisAutoConfiguration' of type [org.mybatis.spring.boot.autoconfigure.MybatisAutoConfiguration$$EnhancerBySpringCGLIB$$26cefb1d] is not eligible for getting processed by all BeanPostProcessors (for example: not eligible for auto-proxying)
2018-12-15 11:14:54.551 - INFO  [           main] egate$BeanPostProcessorChecker : Bean 'org.springframework.boot.autoconfigure.jdbc.DataSourceConfiguration$Hikari' of type [org.springframework.boot.autoconfigure.jdbc.DataSourceConfiguration$Hikari] is not eligible for getting processed by all BeanPostProcessors (for example: not eligible for auto-proxying)
2018-12-15 11:14:54.566 - INFO  [           main] egate$BeanPostProcessorChecker : Bean 'spring.datasource-org.springframework.boot.autoconfigure.jdbc.DataSourceProperties' of type [org.springframework.boot.autoconfigure.jdbc.DataSourceProperties] is not eligible for getting processed by all BeanPostProcessors (for example: not eligible for auto-proxying)
2018-12-15 11:14:54.585 - INFO  [           main] egate$BeanPostProcessorChecker : Bean 'dataSource' of type [com.zaxxer.hikari.HikariDataSource] is not eligible for getting processed by all BeanPostProcessors (for example: not eligible for auto-proxying)
2018-12-15 11:14:54.594 - INFO  [           main] egate$BeanPostProcessorChecker : Bean 'org.springframework.boot.autoconfigure.jdbc.DataSourceInitializerInvoker' of type [org.springframework.boot.autoconfigure.jdbc.DataSourceInitializerInvoker] is not eligible for getting processed by all BeanPostProcessors (for example: not eligible for auto-proxying)
2018-12-15 11:14:54.634 - INFO  [           main] egate$BeanPostProcessorChecker : Bean 'sqlSessionFactory' of type [org.apache.ibatis.session.defaults.DefaultSqlSessionFactory] is not eligible for getting processed by all BeanPostProcessors (for example: not eligible for auto-proxying)
2018-12-15 11:14:54.642 - INFO  [           main] egate$BeanPostProcessorChecker : Bean 'sqlSessionTemplate' of type [org.mybatis.spring.SqlSessionTemplate] is not eligible for getting processed by all BeanPostProcessors (for example: not eligible for auto-proxying)
2018-12-15 11:14:54.675 - INFO  [           main] egate$BeanPostProcessorChecker : Bean 'userMapper' of type [org.mybatis.spring.mapper.MapperFactoryBean] is not eligible for getting processed by all BeanPostProcessors (for example: not eligible for auto-proxying)
2018-12-15 11:14:54.678 - INFO  [           main] egate$BeanPostProcessorChecker : Bean 'userMapper' of type [com.sun.proxy.$Proxy75] is not eligible for getting processed by all BeanPostProcessors (for example: not eligible for auto-proxying)
2018-12-15 11:14:54.689 - INFO  [           main] egate$BeanPostProcessorChecker : Bean 'userInfoMapper' of type [org.mybatis.spring.mapper.MapperFactoryBean] is not eligible for getting processed by all BeanPostProcessors (for example: not eligible for auto-proxying)
2018-12-15 11:14:54.691 - INFO  [           main] egate$BeanPostProcessorChecker : Bean 'userInfoMapper' of type [com.sun.proxy.$Proxy79] is not eligible for getting processed by all BeanPostProcessors (for example: not eligible for auto-proxying)
2018-12-15 11:14:54.699 - INFO  [           main] egate$BeanPostProcessorChecker : Bean 'organizationMapper' of type [org.mybatis.spring.mapper.MapperFactoryBean] is not eligible for getting processed by all BeanPostProcessors (for example: not eligible for auto-proxying)
2018-12-15 11:14:54.700 - INFO  [           main] egate$BeanPostProcessorChecker : Bean 'organizationMapper' of type [com.sun.proxy.$Proxy80] is not eligible for getting processed by all BeanPostProcessors (for example: not eligible for auto-proxying)
2018-12-15 11:14:54.702 - INFO  [           main] egate$BeanPostProcessorChecker : Bean 'organizationServiceImpl' of type [cn.hephaestus.smartmeetingroom.service.ServiceImpl.OrganizationServiceImpl] is not eligible for getting processed by all BeanPostProcessors (for example: not eligible for auto-proxying)
2018-12-15 11:14:54.703 - INFO  [           main] egate$BeanPostProcessorChecker : Bean 'userServiceImpl' of type [cn.hephaestus.smartmeetingroom.service.ServiceImpl.UserServiceImpl] is not eligible for getting processed by all BeanPostProcessors (for example: not eligible for auto-proxying)
2018-12-15 11:14:54.704 - INFO  [           main] egate$BeanPostProcessorChecker : Bean 'ShiroRealm' of type [cn.hephaestus.smartmeetingroom.shiro.ShiroRealm] is not eligible for getting processed by all BeanPostProcessors (for example: not eligible for auto-proxying)
2018-12-15 11:14:54.711 - INFO  [           main] egate$BeanPostProcessorChecker : Bean 'securityManager' of type [org.apache.shiro.web.mgt.DefaultWebSecurityManager] is not eligible for getting processed by all BeanPostProcessors (for example: not eligible for auto-proxying)
2018-12-15 11:14:55.061 - INFO  [           main] o.s.b.w.e.t.TomcatWebServer    : Tomcat initialized with port(s): 8080 (http)
2018-12-15 11:14:55.153 - INFO  [           main] letWebServerApplicationContext : Root WebApplicationContext: initialization completed in 1689 ms
2018-12-15 11:14:55.190 - INFO  [           main] .b.w.s.ServletRegistrationBean : Servlet dispatcherServlet mapped to [/]
2018-12-15 11:14:55.195 - INFO  [           main] AbstractFilterRegistrationBean : Mapping filter: 'characterEncodingFilter' to: [/*]
2018-12-15 11:14:55.196 - INFO  [           main] AbstractFilterRegistrationBean : Mapping filter: 'hiddenHttpMethodFilter' to: [/*]
2018-12-15 11:14:55.197 - INFO  [           main] AbstractFilterRegistrationBean : Mapping filter: 'formContentFilter' to: [/*]
2018-12-15 11:14:55.197 - INFO  [           main] AbstractFilterRegistrationBean : Mapping filter: 'requestContextFilter' to: [/*]
2018-12-15 11:14:55.197 - INFO  [           main] AbstractFilterRegistrationBean : Mapping filter: 'shirFilter' to: [/*]
2018-12-15 11:14:55.758 - INFO  [           main] c.ExecutorConfigurationSupport : Initializing ExecutorService 'applicationTaskExecutor'
2018-12-15 11:14:56.231 - INFO  [           main] o.s.b.w.e.t.TomcatWebServer    : Tomcat started on port(s): 8080 (http) with context path ''
2018-12-15 11:14:56.237 - INFO  [           main] o.s.b.StartupInfoLogger        : Started SmartmeetingroomApplication in 3.258 seconds (JVM running for 6.257)
2018-12-15 11:15:01.819 - INFO  [nio-8080-exec-1] o.s.w.s.FrameworkServlet       : Initializing Servlet 'dispatcherServlet'
2018-12-15 11:15:01.829 - INFO  [nio-8080-exec-1] o.s.w.s.FrameworkServlet       : Completed initialization in 9 ms
2018-12-15 11:15:06.053 - INFO  [nio-8080-exec-1] i.l.c.EpollProvider            : Starting without optional epoll library
2018-12-15 11:15:06.056 - INFO  [nio-8080-exec-1] i.l.c.KqueueProvider           : Starting without optional kqueue library
2018-12-15 11:17:59.058 - INFO  [      Thread-11] c.ExecutorConfigurationSupport : Shutting down ExecutorService 'applicationTaskExecutor'
2018-12-15 11:18:10.469 - INFO  [           main] o.s.b.StartupInfoLogger        : Starting SmartmeetingroomApplication on zeng-PC with PID 18892 (/home/zeng/IdeaProjects/smartmeetingroom/target/classes started by zeng in /home/zeng/IdeaProjects/smartmeetingroom)
2018-12-15 11:18:10.476 - INFO  [           main] o.s.b.SpringApplication        : No active profile set, falling back to default profiles: default
2018-12-15 11:18:11.690 - INFO  [           main] egate$BeanPostProcessorChecker : Bean 'serioConfig' of type [cn.hephaestus.smartmeetingroom.configuration.SerioConfig$$EnhancerBySpringCGLIB$$5b237756] is not eligible for getting processed by all BeanPostProcessors (for example: not eligible for auto-proxying)
2018-12-15 11:18:11.698 - INFO  [           main] egate$BeanPostProcessorChecker : Bean 'org.springframework.transaction.annotation.ProxyTransactionManagementConfiguration' of type [org.springframework.transaction.annotation.ProxyTransactionManagementConfiguration$$EnhancerBySpringCGLIB$$4d751d4f] is not eligible for getting processed by all BeanPostProcessors (for example: not eligible for auto-proxying)
2018-12-15 11:18:11.988 - INFO  [           main] egate$BeanPostProcessorChecker : Bean 'hashedCredentialsMatcher' of type [org.apache.shiro.authc.credential.HashedCredentialsMatcher] is not eligible for getting processed by all BeanPostProcessors (for example: not eligible for auto-proxying)
2018-12-15 11:18:12.032 - INFO  [           main] egate$BeanPostProcessorChecker : Bean 'mybatis-org.mybatis.spring.boot.autoconfigure.MybatisProperties' of type [org.mybatis.spring.boot.autoconfigure.MybatisProperties] is not eligible for getting processed by all BeanPostProcessors (for example: not eligible for auto-proxying)
2018-12-15 11:18:12.039 - INFO  [           main] egate$BeanPostProcessorChecker : Bean 'org.mybatis.spring.boot.autoconfigure.MybatisAutoConfiguration' of type [org.mybatis.spring.boot.autoconfigure.MybatisAutoConfiguration$$EnhancerBySpringCGLIB$$80496e7f] is not eligible for getting processed by all BeanPostProcessors (for example: not eligible for auto-proxying)
2018-12-15 11:18:12.043 - INFO  [           main] egate$BeanPostProcessorChecker : Bean 'org.springframework.boot.autoconfigure.jdbc.DataSourceConfiguration$Hikari' of type [org.springframework.boot.autoconfigure.jdbc.DataSourceConfiguration$Hikari] is not eligible for getting processed by all BeanPostProcessors (for example: not eligible for auto-proxying)
2018-12-15 11:18:12.070 - INFO  [           main] egate$BeanPostProcessorChecker : Bean 'spring.datasource-org.springframework.boot.autoconfigure.jdbc.DataSourceProperties' of type [org.springframework.boot.autoconfigure.jdbc.DataSourceProperties] is not eligible for getting processed by all BeanPostProcessors (for example: not eligible for auto-proxying)
2018-12-15 11:18:12.085 - INFO  [           main] egate$BeanPostProcessorChecker : Bean 'dataSource' of type [com.zaxxer.hikari.HikariDataSource] is not eligible for getting processed by all BeanPostProcessors (for example: not eligible for auto-proxying)
2018-12-15 11:18:12.093 - INFO  [           main] egate$BeanPostProcessorChecker : Bean 'org.springframework.boot.autoconfigure.jdbc.DataSourceInitializerInvoker' of type [org.springframework.boot.autoconfigure.jdbc.DataSourceInitializerInvoker] is not eligible for getting processed by all BeanPostProcessors (for example: not eligible for auto-proxying)
2018-12-15 11:18:12.137 - INFO  [           main] egate$BeanPostProcessorChecker : Bean 'sqlSessionFactory' of type [org.apache.ibatis.session.defaults.DefaultSqlSessionFactory] is not eligible for getting processed by all BeanPostProcessors (for example: not eligible for auto-proxying)
2018-12-15 11:18:12.144 - INFO  [           main] egate$BeanPostProcessorChecker : Bean 'sqlSessionTemplate' of type [org.mybatis.spring.SqlSessionTemplate] is not eligible for getting processed by all BeanPostProcessors (for example: not eligible for auto-proxying)
2018-12-15 11:18:12.163 - INFO  [           main] egate$BeanPostProcessorChecker : Bean 'userMapper' of type [org.mybatis.spring.mapper.MapperFactoryBean] is not eligible for getting processed by all BeanPostProcessors (for example: not eligible for auto-proxying)
2018-12-15 11:18:12.165 - INFO  [           main] egate$BeanPostProcessorChecker : Bean 'userMapper' of type [com.sun.proxy.$Proxy75] is not eligible for getting processed by all BeanPostProcessors (for example: not eligible for auto-proxying)
2018-12-15 11:18:12.172 - INFO  [           main] egate$BeanPostProcessorChecker : Bean 'userInfoMapper' of type [org.mybatis.spring.mapper.MapperFactoryBean] is not eligible for getting processed by all BeanPostProcessors (for example: not eligible for auto-proxying)
2018-12-15 11:18:12.172 - INFO  [           main] egate$BeanPostProcessorChecker : Bean 'userInfoMapper' of type [com.sun.proxy.$Proxy79] is not eligible for getting processed by all BeanPostProcessors (for example: not eligible for auto-proxying)
2018-12-15 11:18:12.178 - INFO  [           main] egate$BeanPostProcessorChecker : Bean 'organizationMapper' of type [org.mybatis.spring.mapper.MapperFactoryBean] is not eligible for getting processed by all BeanPostProcessors (for example: not eligible for auto-proxying)
2018-12-15 11:18:12.178 - INFO  [           main] egate$BeanPostProcessorChecker : Bean 'organizationMapper' of type [com.sun.proxy.$Proxy80] is not eligible for getting processed by all BeanPostProcessors (for example: not eligible for auto-proxying)
2018-12-15 11:18:12.179 - INFO  [           main] egate$BeanPostProcessorChecker : Bean 'organizationServiceImpl' of type [cn.hephaestus.smartmeetingroom.service.ServiceImpl.OrganizationServiceImpl] is not eligible for getting processed by all BeanPostProcessors (for example: not eligible for auto-proxying)
2018-12-15 11:18:12.180 - INFO  [           main] egate$BeanPostProcessorChecker : Bean 'userServiceImpl' of type [cn.hephaestus.smartmeetingroom.service.ServiceImpl.UserServiceImpl] is not eligible for getting processed by all BeanPostProcessors (for example: not eligible for auto-proxying)
2018-12-15 11:18:12.181 - INFO  [           main] egate$BeanPostProcessorChecker : Bean 'ShiroRealm' of type [cn.hephaestus.smartmeetingroom.shiro.ShiroRealm] is not eligible for getting processed by all BeanPostProcessors (for example: not eligible for auto-proxying)
2018-12-15 11:18:12.186 - INFO  [           main] egate$BeanPostProcessorChecker : Bean 'securityManager' of type [org.apache.shiro.web.mgt.DefaultWebSecurityManager] is not eligible for getting processed by all BeanPostProcessors (for example: not eligible for auto-proxying)
2018-12-15 11:18:12.488 - INFO  [           main] o.s.b.w.e.t.TomcatWebServer    : Tomcat initialized with port(s): 8080 (http)
2018-12-15 11:18:12.566 - INFO  [           main] letWebServerApplicationContext : Root WebApplicationContext: initialization completed in 2033 ms
2018-12-15 11:18:12.595 - INFO  [           main] .b.w.s.ServletRegistrationBean : Servlet dispatcherServlet mapped to [/]
2018-12-15 11:18:12.599 - INFO  [           main] AbstractFilterRegistrationBean : Mapping filter: 'characterEncodingFilter' to: [/*]
2018-12-15 11:18:12.599 - INFO  [           main] AbstractFilterRegistrationBean : Mapping filter: 'hiddenHttpMethodFilter' to: [/*]
2018-12-15 11:18:12.600 - INFO  [           main] AbstractFilterRegistrationBean : Mapping filter: 'formContentFilter' to: [/*]
2018-12-15 11:18:12.600 - INFO  [           main] AbstractFilterRegistrationBean : Mapping filter: 'requestContextFilter' to: [/*]
2018-12-15 11:18:12.600 - INFO  [           main] AbstractFilterRegistrationBean : Mapping filter: 'shirFilter' to: [/*]
2018-12-15 11:18:12.959 - INFO  [           main] c.ExecutorConfigurationSupport : Initializing ExecutorService 'applicationTaskExecutor'
2018-12-15 11:18:13.262 - INFO  [           main] o.s.b.w.e.t.TomcatWebServer    : Tomcat started on port(s): 8080 (http) with context path ''
2018-12-15 11:18:13.265 - INFO  [           main] o.s.b.StartupInfoLogger        : Started SmartmeetingroomApplication in 3.664 seconds (JVM running for 5.185)
2018-12-15 11:18:24.911 - INFO  [nio-8080-exec-1] o.s.w.s.FrameworkServlet       : Initializing Servlet 'dispatcherServlet'
2018-12-15 11:18:24.918 - INFO  [nio-8080-exec-1] o.s.w.s.FrameworkServlet       : Completed initialization in 7 ms
2018-12-15 11:18:25.616 - INFO  [nio-8080-exec-1] i.l.c.EpollProvider            : Starting without optional epoll library
2018-12-15 11:18:25.617 - INFO  [nio-8080-exec-1] i.l.c.KqueueProvider           : Starting without optional kqueue library
2018-12-15 11:19:20.185 - INFO  [      Thread-11] c.ExecutorConfigurationSupport : Shutting down ExecutorService 'applicationTaskExecutor'
2018-12-15 11:19:28.643 - INFO  [           main] o.s.b.StartupInfoLogger        : Starting SmartmeetingroomApplication on zeng-PC with PID 19058 (/home/zeng/IdeaProjects/smartmeetingroom/target/classes started by zeng in /home/zeng/IdeaProjects/smartmeetingroom)
2018-12-15 11:19:28.649 - INFO  [           main] o.s.b.SpringApplication        : No active profile set, falling back to default profiles: default
2018-12-15 11:19:29.533 - INFO  [           main] egate$BeanPostProcessorChecker : Bean 'serioConfig' of type [cn.hephaestus.smartmeetingroom.configuration.SerioConfig$$EnhancerBySpringCGLIB$$f8b27865] is not eligible for getting processed by all BeanPostProcessors (for example: not eligible for auto-proxying)
2018-12-15 11:19:29.541 - INFO  [           main] egate$BeanPostProcessorChecker : Bean 'org.springframework.transaction.annotation.ProxyTransactionManagementConfiguration' of type [org.springframework.transaction.annotation.ProxyTransactionManagementConfiguration$$EnhancerBySpringCGLIB$$eb041e5e] is not eligible for getting processed by all BeanPostProcessors (for example: not eligible for auto-proxying)
2018-12-15 11:19:29.704 - INFO  [           main] egate$BeanPostProcessorChecker : Bean 'hashedCredentialsMatcher' of type [org.apache.shiro.authc.credential.HashedCredentialsMatcher] is not eligible for getting processed by all BeanPostProcessors (for example: not eligible for auto-proxying)
2018-12-15 11:19:29.727 - INFO  [           main] egate$BeanPostProcessorChecker : Bean 'mybatis-org.mybatis.spring.boot.autoconfigure.MybatisProperties' of type [org.mybatis.spring.boot.autoconfigure.MybatisProperties] is not eligible for getting processed by all BeanPostProcessors (for example: not eligible for auto-proxying)
2018-12-15 11:19:29.735 - INFO  [           main] egate$BeanPostProcessorChecker : Bean 'org.mybatis.spring.boot.autoconfigure.MybatisAutoConfiguration' of type [org.mybatis.spring.boot.autoconfigure.MybatisAutoConfiguration$$EnhancerBySpringCGLIB$$1dd86f8e] is not eligible for getting processed by all BeanPostProcessors (for example: not eligible for auto-proxying)
2018-12-15 11:19:29.738 - INFO  [           main] egate$BeanPostProcessorChecker : Bean 'org.springframework.boot.autoconfigure.jdbc.DataSourceConfiguration$Hikari' of type [org.springframework.boot.autoconfigure.jdbc.DataSourceConfiguration$Hikari] is not eligible for getting processed by all BeanPostProcessors (for example: not eligible for auto-proxying)
2018-12-15 11:19:29.759 - INFO  [           main] egate$BeanPostProcessorChecker : Bean 'spring.datasource-org.springframework.boot.autoconfigure.jdbc.DataSourceProperties' of type [org.springframework.boot.autoconfigure.jdbc.DataSourceProperties] is not eligible for getting processed by all BeanPostProcessors (for example: not eligible for auto-proxying)
2018-12-15 11:19:29.776 - INFO  [           main] egate$BeanPostProcessorChecker : Bean 'dataSource' of type [com.zaxxer.hikari.HikariDataSource] is not eligible for getting processed by all BeanPostProcessors (for example: not eligible for auto-proxying)
2018-12-15 11:19:29.784 - INFO  [           main] egate$BeanPostProcessorChecker : Bean 'org.springframework.boot.autoconfigure.jdbc.DataSourceInitializerInvoker' of type [org.springframework.boot.autoconfigure.jdbc.DataSourceInitializerInvoker] is not eligible for getting processed by all BeanPostProcessors (for example: not eligible for auto-proxying)
2018-12-15 11:19:29.814 - INFO  [           main] egate$BeanPostProcessorChecker : Bean 'sqlSessionFactory' of type [org.apache.ibatis.session.defaults.DefaultSqlSessionFactory] is not eligible for getting processed by all BeanPostProcessors (for example: not eligible for auto-proxying)
2018-12-15 11:19:29.821 - INFO  [           main] egate$BeanPostProcessorChecker : Bean 'sqlSessionTemplate' of type [org.mybatis.spring.SqlSessionTemplate] is not eligible for getting processed by all BeanPostProcessors (for example: not eligible for auto-proxying)
2018-12-15 11:19:29.851 - INFO  [           main] egate$BeanPostProcessorChecker : Bean 'userMapper' of type [org.mybatis.spring.mapper.MapperFactoryBean] is not eligible for getting processed by all BeanPostProcessors (for example: not eligible for auto-proxying)
2018-12-15 11:19:29.854 - INFO  [           main] egate$BeanPostProcessorChecker : Bean 'userMapper' of type [com.sun.proxy.$Proxy75] is not eligible for getting processed by all BeanPostProcessors (for example: not eligible for auto-proxying)
2018-12-15 11:19:29.861 - INFO  [           main] egate$BeanPostProcessorChecker : Bean 'userInfoMapper' of type [org.mybatis.spring.mapper.MapperFactoryBean] is not eligible for getting processed by all BeanPostProcessors (for example: not eligible for auto-proxying)
2018-12-15 11:19:29.861 - INFO  [           main] egate$BeanPostProcessorChecker : Bean 'userInfoMapper' of type [com.sun.proxy.$Proxy79] is not eligible for getting processed by all BeanPostProcessors (for example: not eligible for auto-proxying)
2018-12-15 11:19:29.866 - INFO  [           main] egate$BeanPostProcessorChecker : Bean 'organizationMapper' of type [org.mybatis.spring.mapper.MapperFactoryBean] is not eligible for getting processed by all BeanPostProcessors (for example: not eligible for auto-proxying)
2018-12-15 11:19:29.867 - INFO  [           main] egate$BeanPostProcessorChecker : Bean 'organizationMapper' of type [com.sun.proxy.$Proxy80] is not eligible for getting processed by all BeanPostProcessors (for example: not eligible for auto-proxying)
2018-12-15 11:19:29.868 - INFO  [           main] egate$BeanPostProcessorChecker : Bean 'organizationServiceImpl' of type [cn.hephaestus.smartmeetingroom.service.ServiceImpl.OrganizationServiceImpl] is not eligible for getting processed by all BeanPostProcessors (for example: not eligible for auto-proxying)
2018-12-15 11:19:29.869 - INFO  [           main] egate$BeanPostProcessorChecker : Bean 'userServiceImpl' of type [cn.hephaestus.smartmeetingroom.service.ServiceImpl.UserServiceImpl] is not eligible for getting processed by all BeanPostProcessors (for example: not eligible for auto-proxying)
2018-12-15 11:19:29.870 - INFO  [           main] egate$BeanPostProcessorChecker : Bean 'ShiroRealm' of type [cn.hephaestus.smartmeetingroom.shiro.ShiroRealm] is not eligible for getting processed by all BeanPostProcessors (for example: not eligible for auto-proxying)
2018-12-15 11:19:29.874 - INFO  [           main] egate$BeanPostProcessorChecker : Bean 'securityManager' of type [org.apache.shiro.web.mgt.DefaultWebSecurityManager] is not eligible for getting processed by all BeanPostProcessors (for example: not eligible for auto-proxying)
2018-12-15 11:19:30.187 - INFO  [           main] o.s.b.w.e.t.TomcatWebServer    : Tomcat initialized with port(s): 8080 (http)
2018-12-15 11:19:30.268 - INFO  [           main] letWebServerApplicationContext : Root WebApplicationContext: initialization completed in 1537 ms
2018-12-15 11:19:30.302 - INFO  [           main] .b.w.s.ServletRegistrationBean : Servlet dispatcherServlet mapped to [/]
2018-12-15 11:19:30.306 - INFO  [           main] AbstractFilterRegistrationBean : Mapping filter: 'characterEncodingFilter' to: [/*]
2018-12-15 11:19:30.306 - INFO  [           main] AbstractFilterRegistrationBean : Mapping filter: 'hiddenHttpMethodFilter' to: [/*]
2018-12-15 11:19:30.307 - INFO  [           main] AbstractFilterRegistrationBean : Mapping filter: 'formContentFilter' to: [/*]
2018-12-15 11:19:30.307 - INFO  [           main] AbstractFilterRegistrationBean : Mapping filter: 'requestContextFilter' to: [/*]
2018-12-15 11:19:30.308 - INFO  [           main] AbstractFilterRegistrationBean : Mapping filter: 'shirFilter' to: [/*]
2018-12-15 11:19:30.682 - INFO  [           main] c.ExecutorConfigurationSupport : Initializing ExecutorService 'applicationTaskExecutor'
2018-12-15 11:19:31.015 - INFO  [           main] o.s.b.w.e.t.TomcatWebServer    : Tomcat started on port(s): 8080 (http) with context path ''
2018-12-15 11:19:31.018 - INFO  [           main] o.s.b.StartupInfoLogger        : Started SmartmeetingroomApplication in 3.127 seconds (JVM running for 4.129)
2018-12-15 11:19:37.558 - INFO  [nio-8080-exec-1] o.s.w.s.FrameworkServlet       : Initializing Servlet 'dispatcherServlet'
2018-12-15 11:19:37.564 - INFO  [nio-8080-exec-1] o.s.w.s.FrameworkServlet       : Completed initialization in 6 ms
2018-12-15 11:19:38.225 - INFO  [nio-8080-exec-1] i.l.c.EpollProvider            : Starting without optional epoll library
2018-12-15 11:19:38.227 - INFO  [nio-8080-exec-1] i.l.c.KqueueProvider           : Starting without optional kqueue library
2018-12-15 11:21:31.048 - INFO  [      Thread-10] c.ExecutorConfigurationSupport : Shutting down ExecutorService 'applicationTaskExecutor'
2018-12-15 11:21:40.828 - INFO  [           main] o.s.b.StartupInfoLogger        : Starting SmartmeetingroomApplication on zeng-PC with PID 19332 (/home/zeng/IdeaProjects/smartmeetingroom/target/classes started by zeng in /home/zeng/IdeaProjects/smartmeetingroom)
2018-12-15 11:21:40.948 - INFO  [           main] o.s.b.SpringApplication        : No active profile set, falling back to default profiles: default
2018-12-15 11:21:41.905 - INFO  [           main] egate$BeanPostProcessorChecker : Bean 'serioConfig' of type [cn.hephaestus.smartmeetingroom.configuration.SerioConfig$$EnhancerBySpringCGLIB$$43cea9a7] is not eligible for getting processed by all BeanPostProcessors (for example: not eligible for auto-proxying)
2018-12-15 11:21:41.913 - INFO  [           main] egate$BeanPostProcessorChecker : Bean 'org.springframework.transaction.annotation.ProxyTransactionManagementConfiguration' of type [org.springframework.transaction.annotation.ProxyTransactionManagementConfiguration$$EnhancerBySpringCGLIB$$36204fa0] is not eligible for getting processed by all BeanPostProcessors (for example: not eligible for auto-proxying)
2018-12-15 11:21:42.090 - INFO  [           main] egate$BeanPostProcessorChecker : Bean 'hashedCredentialsMatcher' of type [org.apache.shiro.authc.credential.HashedCredentialsMatcher] is not eligible for getting processed by all BeanPostProcessors (for example: not eligible for auto-proxying)
2018-12-15 11:21:42.117 - INFO  [           main] egate$BeanPostProcessorChecker : Bean 'mybatis-org.mybatis.spring.boot.autoconfigure.MybatisProperties' of type [org.mybatis.spring.boot.autoconfigure.MybatisProperties] is not eligible for getting processed by all BeanPostProcessors (for example: not eligible for auto-proxying)
2018-12-15 11:21:42.124 - INFO  [           main] egate$BeanPostProcessorChecker : Bean 'org.mybatis.spring.boot.autoconfigure.MybatisAutoConfiguration' of type [org.mybatis.spring.boot.autoconfigure.MybatisAutoConfiguration$$EnhancerBySpringCGLIB$$68f4a0d0] is not eligible for getting processed by all BeanPostProcessors (for example: not eligible for auto-proxying)
2018-12-15 11:21:42.126 - INFO  [           main] egate$BeanPostProcessorChecker : Bean 'org.springframework.boot.autoconfigure.jdbc.DataSourceConfiguration$Hikari' of type [org.springframework.boot.autoconfigure.jdbc.DataSourceConfiguration$Hikari] is not eligible for getting processed by all BeanPostProcessors (for example: not eligible for auto-proxying)
2018-12-15 11:21:42.141 - INFO  [           main] egate$BeanPostProcessorChecker : Bean 'spring.datasource-org.springframework.boot.autoconfigure.jdbc.DataSourceProperties' of type [org.springframework.boot.autoconfigure.jdbc.DataSourceProperties] is not eligible for getting processed by all BeanPostProcessors (for example: not eligible for auto-proxying)
2018-12-15 11:21:42.157 - INFO  [           main] egate$BeanPostProcessorChecker : Bean 'dataSource' of type [com.zaxxer.hikari.HikariDataSource] is not eligible for getting processed by all BeanPostProcessors (for example: not eligible for auto-proxying)
2018-12-15 11:21:42.164 - INFO  [           main] egate$BeanPostProcessorChecker : Bean 'org.springframework.boot.autoconfigure.jdbc.DataSourceInitializerInvoker' of type [org.springframework.boot.autoconfigure.jdbc.DataSourceInitializerInvoker] is not eligible for getting processed by all BeanPostProcessors (for example: not eligible for auto-proxying)
2018-12-15 11:21:42.193 - INFO  [           main] egate$BeanPostProcessorChecker : Bean 'sqlSessionFactory' of type [org.apache.ibatis.session.defaults.DefaultSqlSessionFactory] is not eligible for getting processed by all BeanPostProcessors (for example: not eligible for auto-proxying)
2018-12-15 11:21:42.198 - INFO  [           main] egate$BeanPostProcessorChecker : Bean 'sqlSessionTemplate' of type [org.mybatis.spring.SqlSessionTemplate] is not eligible for getting processed by all BeanPostProcessors (for example: not eligible for auto-proxying)
2018-12-15 11:21:42.218 - INFO  [           main] egate$BeanPostProcessorChecker : Bean 'userMapper' of type [org.mybatis.spring.mapper.MapperFactoryBean] is not eligible for getting processed by all BeanPostProcessors (for example: not eligible for auto-proxying)
2018-12-15 11:21:42.219 - INFO  [           main] egate$BeanPostProcessorChecker : Bean 'userMapper' of type [com.sun.proxy.$Proxy75] is not eligible for getting processed by all BeanPostProcessors (for example: not eligible for auto-proxying)
2018-12-15 11:21:42.227 - INFO  [           main] egate$BeanPostProcessorChecker : Bean 'userInfoMapper' of type [org.mybatis.spring.mapper.MapperFactoryBean] is not eligible for getting processed by all BeanPostProcessors (for example: not eligible for auto-proxying)
2018-12-15 11:21:42.228 - INFO  [           main] egate$BeanPostProcessorChecker : Bean 'userInfoMapper' of type [com.sun.proxy.$Proxy79] is not eligible for getting processed by all BeanPostProcessors (for example: not eligible for auto-proxying)
2018-12-15 11:21:42.234 - INFO  [           main] egate$BeanPostProcessorChecker : Bean 'organizationMapper' of type [org.mybatis.spring.mapper.MapperFactoryBean] is not eligible for getting processed by all BeanPostProcessors (for example: not eligible for auto-proxying)
2018-12-15 11:21:42.235 - INFO  [           main] egate$BeanPostProcessorChecker : Bean 'organizationMapper' of type [com.sun.proxy.$Proxy80] is not eligible for getting processed by all BeanPostProcessors (for example: not eligible for auto-proxying)
2018-12-15 11:21:42.236 - INFO  [           main] egate$BeanPostProcessorChecker : Bean 'organizationServiceImpl' of type [cn.hephaestus.smartmeetingroom.service.ServiceImpl.OrganizationServiceImpl] is not eligible for getting processed by all BeanPostProcessors (for example: not eligible for auto-proxying)
2018-12-15 11:21:42.236 - INFO  [           main] egate$BeanPostProcessorChecker : Bean 'userServiceImpl' of type [cn.hephaestus.smartmeetingroom.service.ServiceImpl.UserServiceImpl] is not eligible for getting processed by all BeanPostProcessors (for example: not eligible for auto-proxying)
2018-12-15 11:21:42.237 - INFO  [           main] egate$BeanPostProcessorChecker : Bean 'ShiroRealm' of type [cn.hephaestus.smartmeetingroom.shiro.ShiroRealm] is not eligible for getting processed by all BeanPostProcessors (for example: not eligible for auto-proxying)
2018-12-15 11:21:42.241 - INFO  [           main] egate$BeanPostProcessorChecker : Bean 'securityManager' of type [org.apache.shiro.web.mgt.DefaultWebSecurityManager] is not eligible for getting processed by all BeanPostProcessors (for example: not eligible for auto-proxying)
2018-12-15 11:21:42.507 - INFO  [           main] o.s.b.w.e.t.TomcatWebServer    : Tomcat initialized with port(s): 8080 (http)
2018-12-15 11:21:42.584 - INFO  [           main] letWebServerApplicationContext : Root WebApplicationContext: initialization completed in 1572 ms
2018-12-15 11:21:42.612 - INFO  [           main] .b.w.s.ServletRegistrationBean : Servlet dispatcherServlet mapped to [/]
2018-12-15 11:21:42.616 - INFO  [           main] AbstractFilterRegistrationBean : Mapping filter: 'characterEncodingFilter' to: [/*]
2018-12-15 11:21:42.616 - INFO  [           main] AbstractFilterRegistrationBean : Mapping filter: 'hiddenHttpMethodFilter' to: [/*]
2018-12-15 11:21:42.617 - INFO  [           main] AbstractFilterRegistrationBean : Mapping filter: 'formContentFilter' to: [/*]
2018-12-15 11:21:42.617 - INFO  [           main] AbstractFilterRegistrationBean : Mapping filter: 'requestContextFilter' to: [/*]
2018-12-15 11:21:42.617 - INFO  [           main] AbstractFilterRegistrationBean : Mapping filter: 'shirFilter' to: [/*]
2018-12-15 11:21:42.965 - INFO  [           main] c.ExecutorConfigurationSupport : Initializing ExecutorService 'applicationTaskExecutor'
2018-12-15 11:21:43.312 - INFO  [           main] o.s.b.w.e.t.TomcatWebServer    : Tomcat started on port(s): 8080 (http) with context path ''
2018-12-15 11:21:43.314 - INFO  [           main] o.s.b.StartupInfoLogger        : Started SmartmeetingroomApplication in 3.076 seconds (JVM running for 4.229)
2018-12-15 11:21:50.619 - INFO  [nio-8080-exec-1] o.s.w.s.FrameworkServlet       : Initializing Servlet 'dispatcherServlet'
2018-12-15 11:21:50.625 - INFO  [nio-8080-exec-1] o.s.w.s.FrameworkServlet       : Completed initialization in 6 ms
2018-12-15 11:21:51.265 - INFO  [nio-8080-exec-1] i.l.c.EpollProvider            : Starting without optional epoll library
2018-12-15 11:21:51.266 - INFO  [nio-8080-exec-1] i.l.c.KqueueProvider           : Starting without optional kqueue library
2018-12-15 11:26:08.690 - INFO  [      Thread-10] c.ExecutorConfigurationSupport : Shutting down ExecutorService 'applicationTaskExecutor'
2018-12-15 11:27:01.302 - INFO  [           main] o.s.b.StartupInfoLogger        : Starting SmartmeetingroomApplication on zeng-PC with PID 20024 (/home/zeng/IdeaProjects/smartmeetingroom/target/classes started by zeng in /home/zeng/IdeaProjects/smartmeetingroom)
2018-12-15 11:27:01.313 - INFO  [           main] o.s.b.SpringApplication        : No active profile set, falling back to default profiles: default
2018-12-15 11:27:02.324 - INFO  [           main] egate$BeanPostProcessorChecker : Bean 'serioConfig' of type [cn.hephaestus.smartmeetingroom.configuration.SerioConfig$$EnhancerBySpringCGLIB$$262d2267] is not eligible for getting processed by all BeanPostProcessors (for example: not eligible for auto-proxying)
2018-12-15 11:27:02.333 - INFO  [           main] egate$BeanPostProcessorChecker : Bean 'org.springframework.transaction.annotation.ProxyTransactionManagementConfiguration' of type [org.springframework.transaction.annotation.ProxyTransactionManagementConfiguration$$EnhancerBySpringCGLIB$$187ec860] is not eligible for getting processed by all BeanPostProcessors (for example: not eligible for auto-proxying)
2018-12-15 11:27:02.523 - INFO  [           main] egate$BeanPostProcessorChecker : Bean 'hashedCredentialsMatcher' of type [org.apache.shiro.authc.credential.HashedCredentialsMatcher] is not eligible for getting processed by all BeanPostProcessors (for example: not eligible for auto-proxying)
2018-12-15 11:27:02.550 - INFO  [           main] egate$BeanPostProcessorChecker : Bean 'mybatis-org.mybatis.spring.boot.autoconfigure.MybatisProperties' of type [org.mybatis.spring.boot.autoconfigure.MybatisProperties] is not eligible for getting processed by all BeanPostProcessors (for example: not eligible for auto-proxying)
2018-12-15 11:27:02.558 - INFO  [           main] egate$BeanPostProcessorChecker : Bean 'org.mybatis.spring.boot.autoconfigure.MybatisAutoConfiguration' of type [org.mybatis.spring.boot.autoconfigure.MybatisAutoConfiguration$$EnhancerBySpringCGLIB$$4b531990] is not eligible for getting processed by all BeanPostProcessors (for example: not eligible for auto-proxying)
2018-12-15 11:27:02.560 - INFO  [           main] egate$BeanPostProcessorChecker : Bean 'org.springframework.boot.autoconfigure.jdbc.DataSourceConfiguration$Hikari' of type [org.springframework.boot.autoconfigure.jdbc.DataSourceConfiguration$Hikari] is not eligible for getting processed by all BeanPostProcessors (for example: not eligible for auto-proxying)
2018-12-15 11:27:02.575 - INFO  [           main] egate$BeanPostProcessorChecker : Bean 'spring.datasource-org.springframework.boot.autoconfigure.jdbc.DataSourceProperties' of type [org.springframework.boot.autoconfigure.jdbc.DataSourceProperties] is not eligible for getting processed by all BeanPostProcessors (for example: not eligible for auto-proxying)
2018-12-15 11:27:02.593 - INFO  [           main] egate$BeanPostProcessorChecker : Bean 'dataSource' of type [com.zaxxer.hikari.HikariDataSource] is not eligible for getting processed by all BeanPostProcessors (for example: not eligible for auto-proxying)
2018-12-15 11:27:02.600 - INFO  [           main] egate$BeanPostProcessorChecker : Bean 'org.springframework.boot.autoconfigure.jdbc.DataSourceInitializerInvoker' of type [org.springframework.boot.autoconfigure.jdbc.DataSourceInitializerInvoker] is not eligible for getting processed by all BeanPostProcessors (for example: not eligible for auto-proxying)
2018-12-15 11:27:02.630 - INFO  [           main] egate$BeanPostProcessorChecker : Bean 'sqlSessionFactory' of type [org.apache.ibatis.session.defaults.DefaultSqlSessionFactory] is not eligible for getting processed by all BeanPostProcessors (for example: not eligible for auto-proxying)
2018-12-15 11:27:02.636 - INFO  [           main] egate$BeanPostProcessorChecker : Bean 'sqlSessionTemplate' of type [org.mybatis.spring.SqlSessionTemplate] is not eligible for getting processed by all BeanPostProcessors (for example: not eligible for auto-proxying)
2018-12-15 11:27:02.655 - INFO  [           main] egate$BeanPostProcessorChecker : Bean 'userMapper' of type [org.mybatis.spring.mapper.MapperFactoryBean] is not eligible for getting processed by all BeanPostProcessors (for example: not eligible for auto-proxying)
2018-12-15 11:27:02.657 - INFO  [           main] egate$BeanPostProcessorChecker : Bean 'userMapper' of type [com.sun.proxy.$Proxy75] is not eligible for getting processed by all BeanPostProcessors (for example: not eligible for auto-proxying)
2018-12-15 11:27:02.663 - INFO  [           main] egate$BeanPostProcessorChecker : Bean 'userInfoMapper' of type [org.mybatis.spring.mapper.MapperFactoryBean] is not eligible for getting processed by all BeanPostProcessors (for example: not eligible for auto-proxying)
2018-12-15 11:27:02.664 - INFO  [           main] egate$BeanPostProcessorChecker : Bean 'userInfoMapper' of type [com.sun.proxy.$Proxy79] is not eligible for getting processed by all BeanPostProcessors (for example: not eligible for auto-proxying)
2018-12-15 11:27:02.669 - INFO  [           main] egate$BeanPostProcessorChecker : Bean 'organizationMapper' of type [org.mybatis.spring.mapper.MapperFactoryBean] is not eligible for getting processed by all BeanPostProcessors (for example: not eligible for auto-proxying)
2018-12-15 11:27:02.670 - INFO  [           main] egate$BeanPostProcessorChecker : Bean 'organizationMapper' of type [com.sun.proxy.$Proxy80] is not eligible for getting processed by all BeanPostProcessors (for example: not eligible for auto-proxying)
2018-12-15 11:27:02.671 - INFO  [           main] egate$BeanPostProcessorChecker : Bean 'organizationServiceImpl' of type [cn.hephaestus.smartmeetingroom.service.ServiceImpl.OrganizationServiceImpl] is not eligible for getting processed by all BeanPostProcessors (for example: not eligible for auto-proxying)
2018-12-15 11:27:02.672 - INFO  [           main] egate$BeanPostProcessorChecker : Bean 'userServiceImpl' of type [cn.hephaestus.smartmeetingroom.service.ServiceImpl.UserServiceImpl] is not eligible for getting processed by all BeanPostProcessors (for example: not eligible for auto-proxying)
2018-12-15 11:27:02.673 - INFO  [           main] egate$BeanPostProcessorChecker : Bean 'ShiroRealm' of type [cn.hephaestus.smartmeetingroom.shiro.ShiroRealm] is not eligible for getting processed by all BeanPostProcessors (for example: not eligible for auto-proxying)
2018-12-15 11:27:02.677 - INFO  [           main] egate$BeanPostProcessorChecker : Bean 'securityManager' of type [org.apache.shiro.web.mgt.DefaultWebSecurityManager] is not eligible for getting processed by all BeanPostProcessors (for example: not eligible for auto-proxying)
2018-12-15 11:27:02.973 - INFO  [           main] o.s.b.w.e.t.TomcatWebServer    : Tomcat initialized with port(s): 8080 (http)
2018-12-15 11:27:03.053 - INFO  [           main] letWebServerApplicationContext : Root WebApplicationContext: initialization completed in 1644 ms
2018-12-15 11:27:03.081 - INFO  [           main] .b.w.s.ServletRegistrationBean : Servlet dispatcherServlet mapped to [/]
2018-12-15 11:27:03.085 - INFO  [           main] AbstractFilterRegistrationBean : Mapping filter: 'characterEncodingFilter' to: [/*]
2018-12-15 11:27:03.085 - INFO  [           main] AbstractFilterRegistrationBean : Mapping filter: 'hiddenHttpMethodFilter' to: [/*]
2018-12-15 11:27:03.085 - INFO  [           main] AbstractFilterRegistrationBean : Mapping filter: 'formContentFilter' to: [/*]
2018-12-15 11:27:03.086 - INFO  [           main] AbstractFilterRegistrationBean : Mapping filter: 'requestContextFilter' to: [/*]
2018-12-15 11:27:03.086 - INFO  [           main] AbstractFilterRegistrationBean : Mapping filter: 'shirFilter' to: [/*]
2018-12-15 11:27:03.425 - INFO  [           main] c.ExecutorConfigurationSupport : Initializing ExecutorService 'applicationTaskExecutor'
2018-12-15 11:27:03.716 - INFO  [           main] o.s.b.w.e.t.TomcatWebServer    : Tomcat started on port(s): 8080 (http) with context path ''
2018-12-15 11:27:03.719 - INFO  [           main] o.s.b.StartupInfoLogger        : Started SmartmeetingroomApplication in 3.176 seconds (JVM running for 4.163)
2018-12-15 11:27:08.808 - INFO  [nio-8080-exec-1] o.s.w.s.FrameworkServlet       : Initializing Servlet 'dispatcherServlet'
2018-12-15 11:27:08.814 - INFO  [nio-8080-exec-1] o.s.w.s.FrameworkServlet       : Completed initialization in 6 ms
2018-12-15 11:27:09.453 - INFO  [nio-8080-exec-1] i.l.c.EpollProvider            : Starting without optional epoll library
2018-12-15 11:27:09.455 - INFO  [nio-8080-exec-1] i.l.c.KqueueProvider           : Starting without optional kqueue library
2018-12-15 11:40:04.633 - INFO  [      Thread-10] c.ExecutorConfigurationSupport : Shutting down ExecutorService 'applicationTaskExecutor'
